[INFO ]2023-10-0706:50:53.840[main]stepDefinitions.signInPageSteps1)-User is on Sign In Page
[INFO ]2023-10-0706:50:58.274[main]stepDefinitions.signInPageSteps1)-User is on Sign In Page
[INFO ]2023-10-0706:51:02.310[main]stepDefinitions.signInPageSteps1)-User is on Sign In Page
[INFO ]2023-10-0706:51:06.395[main]stepDefinitions.signInPageSteps1)-User is on Sign In Page
[INFO ]2023-10-0707:34:55.287[main]stepDefinitions.signInPageSteps1)-User is on Sign In Page
[INFO ]2023-10-0707:34:59.445[main]stepDefinitions.signInPageSteps1)-User is on Sign In Page
[INFO ]2023-10-0707:35:03.451[main]stepDefinitions.signInPageSteps1)-User is on Sign In Page
[INFO ]2023-10-0707:35:07.568[main]stepDefinitions.signInPageSteps1)-User is on Sign In Page
[INFO ]2023-10-0707:43:52.402[TestNG-PoolService-5]stepDefinitions.signInPageSteps1)-User is on Sign In Page
[INFO ]2023-10-0707:43:52.443[TestNG-PoolService-8]stepDefinitions.signInPageSteps1)-User is on Sign In Page
[INFO ]2023-10-0707:43:52.445[TestNG-PoolService-6]stepDefinitions.signInPageSteps1)-User is on Sign In Page
[INFO ]2023-10-0707:43:52.448[TestNG-PoolService-7]stepDefinitions.signInPageSteps1)-User is on Sign In Page
[INFO ]2023-10-0707:46:07.428[main]stepDefinitions.signInPageSteps1)-User is on Sign In Page
[INFO ]2023-10-0707:46:11.427[main]stepDefinitions.signInPageSteps1)-User is on Sign In Page
[INFO ]2023-10-0707:46:15.485[main]stepDefinitions.signInPageSteps1)-User is on Sign In Page
[INFO ]2023-10-0707:46:19.501[main]stepDefinitions.signInPageSteps1)-User is on Sign In Page
[INFO ]2023-10-0708:02:31.532[main]stepDefinitions.signInPageSteps1)-User is on Sign In Page
[INFO ]2023-10-0708:02:35.580[main]stepDefinitions.signInPageSteps1)-User is on Sign In Page
[INFO ]2023-10-0708:02:39.497[main]stepDefinitions.signInPageSteps1)-User is on Sign In Page
[INFO ]2023-10-0708:02:43.408[main]stepDefinitions.signInPageSteps1)-User is on Sign In Page
[INFO ]2023-10-0710:03:31.221[main]stepDefinitions.signInPageSteps1)-User is on Sign In Page
[INFO ]2023-10-0710:03:35.289[main]stepDefinitions.signInPageSteps1)-User is on Sign In Page
[INFO ]2023-10-0710:03:39.248[main]stepDefinitions.signInPageSteps1)-User is on Sign In Page
[INFO ]2023-10-0710:03:43.233[main]stepDefinitions.signInPageSteps1)-User is on Sign In Page
[INFO ]2023-10-0710:24:03.019[main]stepDefinitions.signInPageSteps1)-User is on Sign In Page
[INFO ]2023-10-0710:24:07.048[main]stepDefinitions.signInPageSteps1)-User is on Sign In Page
[INFO ]2023-10-0710:24:11.056[main]stepDefinitions.signInPageSteps1)-User is on Sign In Page
[INFO ]2023-10-0710:24:15.035[main]stepDefinitions.signInPageSteps1)-User is on Sign In Page
[INFO ]2023-10-0710:57:40.962[main]stepDefinitions.signInPageSteps1)-User is on Sign In Page
[INFO ]2023-10-0710:57:45.189[main]stepDefinitions.signInPageSteps1)-User is on Sign In Page
[INFO ]2023-10-0710:57:49.346[main]stepDefinitions.signInPageSteps1)-User is on Sign In Page
[INFO ]2023-10-0710:57:53.602[main]stepDefinitions.signInPageSteps1)-User is on Sign In Page
[INFO ]2023-10-0712:46:55.128[main]stepDefinitions.signInPageSteps1)-User is on Sign In Page
[INFO ]2023-10-0712:46:59.366[main]stepDefinitions.signInPageSteps1)-User is on Sign In Page
[INFO ]2023-10-0712:47:03.402[main]stepDefinitions.signInPageSteps1)-User is on Sign In Page
[INFO ]2023-10-0712:47:07.315[main]stepDefinitions.signInPageSteps1)-User is on Sign In Page
[INFO ]2023-10-0712:55:32.653[main]stepDefinitions.signInPageSteps1)-User is on Sign In Page
[WARN ]2023-10-0712:55:32.754[main]org.apache.poi.openxml4j.opc.OPCPackage1)-Unable to call close() on a package that hasn't been fully opened yet
[INFO ]2023-10-0712:55:36.697[main]stepDefinitions.signInPageSteps1)-User is on Sign In Page
[WARN ]2023-10-0712:55:36.706[main]org.apache.poi.openxml4j.opc.OPCPackage1)-Unable to call close() on a package that hasn't been fully opened yet
[INFO ]2023-10-0712:55:40.790[main]stepDefinitions.signInPageSteps1)-User is on Sign In Page
[WARN ]2023-10-0712:55:40.806[main]org.apache.poi.openxml4j.opc.OPCPackage1)-Unable to call close() on a package that hasn't been fully opened yet
[INFO ]2023-10-0712:55:44.944[main]stepDefinitions.signInPageSteps1)-User is on Sign In Page
[WARN ]2023-10-0712:55:44.953[main]org.apache.poi.openxml4j.opc.OPCPackage1)-Unable to call close() on a package that hasn't been fully opened yet
[INFO ]2023-10-0712:57:46.820[main]stepDefinitions.signInPageSteps1)-User is on Sign In Page
[WARN ]2023-10-0712:57:46.930[main]org.apache.poi.openxml4j.opc.OPCPackage1)-Unable to call close() on a package that hasn't been fully opened yet
[INFO ]2023-10-0713:14:06.120[main]stepDefinitions.signInPageSteps1)-User is on Sign In Page
[INFO ]2023-10-0713:14:06.707[main]stepDefinitions.signInPageSteps1)-User Enter username as " Numpysdet86 "and Password as " sdet86batch" 
[INFO ]2023-10-0713:14:06.889[main]stepDefinitions.signInPageSteps1)-User clicks on login button
[INFO ]2023-10-0713:14:06.889[main]stepDefinitions.signInPageSteps1)-Expected Message - Excel Sheet :  Invalid Username and Password
[INFO ]2023-10-0713:15:14.769[main]stepDefinitions.signInPageSteps1)-User is on Sign In Page
[INFO ]2023-10-0713:15:15.321[main]stepDefinitions.signInPageSteps1)-User Enter username as " Numpysdet84 "and Password as " user" 
[INFO ]2023-10-0713:15:15.461[main]stepDefinitions.signInPageSteps1)-User clicks on login button
[INFO ]2023-10-0713:15:15.461[main]stepDefinitions.signInPageSteps1)-Expected Message - Excel Sheet :  Please check your password
[INFO ]2023-10-0713:15:16.033[main]stepDefinitions.signInPageSteps1)-Actual Message :  Invalid Username and Password
[INFO ]2023-10-0713:15:20.191[main]stepDefinitions.signInPageSteps1)-User is on Sign In Page
[INFO ]2023-10-0713:15:20.246[main]stepDefinitions.signInPageSteps1)-User Enter username as " username "and Password as " sdet84batch" 
[INFO ]2023-10-0713:15:20.405[main]stepDefinitions.signInPageSteps1)-User clicks on login button
[INFO ]2023-10-0713:15:20.405[main]stepDefinitions.signInPageSteps1)-Expected Message - Excel Sheet :  Please check your user id
[INFO ]2023-10-0713:15:20.970[main]stepDefinitions.signInPageSteps1)-Actual Message :  Invalid Username and Password
[INFO ]2023-10-0713:15:25.046[main]stepDefinitions.signInPageSteps1)-User is on Sign In Page
[INFO ]2023-10-0713:15:25.092[main]stepDefinitions.signInPageSteps1)-User Enter username as " Numpysdet84 "and Password as " sdet84batch" 
[INFO ]2023-10-0713:15:25.250[main]stepDefinitions.signInPageSteps1)-User clicks on login button
[INFO ]2023-10-0713:15:25.250[main]stepDefinitions.signInPageSteps1)-Expected Message - Excel Sheet :  You are logged in
[INFO ]2023-10-0713:31:02.679[main]stepDefinitions.signInPageSteps1)-User is on Sign In Page
[INFO ]2023-10-0713:58:40.757[main]stepDefinitions.signInPageSteps1)-User is on Sign In Page
[INFO ]2023-10-0714:18:06.469[main]stepDefinitions.signInPageSteps1)-User is on Sign In Page
[INFO ]2023-10-0714:31:45.546[main]stepDefinitions.signInPageSteps1)-User is on Sign In Page
[INFO ]2023-10-0714:31:46.191[main]stepDefinitions.signInPageSteps1)-User Enter username as " Numpysdet84 "and Password as " sdet84batch" 
[INFO ]2023-10-0714:31:46.384[main]stepDefinitions.signInPageSteps1)-User clicks on login button
[INFO ]2023-10-0714:31:46.384[main]stepDefinitions.signInPageSteps1)-Expected Message - Excel Sheet :  You are logged in
[INFO ]2023-10-0714:31:47.318[main]stepDefinitions.signInPageSteps1)-Actual Message :  You are logged in
[INFO ]2023-10-0714:34:07.603[main]stepDefinitions.signInPageSteps1)-User is on Sign In Page
[INFO ]2023-10-0714:34:08.152[main]stepDefinitions.signInPageSteps1)-User Enter username as " Numpysdet84 "and Password as " user" 
[INFO ]2023-10-0714:34:08.295[main]stepDefinitions.signInPageSteps1)-User clicks on login button
[INFO ]2023-10-0714:34:08.295[main]stepDefinitions.signInPageSteps1)-Expected Message - Excel Sheet :  Please check your password
[INFO ]2023-10-0714:34:08.824[main]stepDefinitions.signInPageSteps1)-Actual Message :  Invalid Username and Password
[INFO ]2023-10-0714:34:12.937[main]stepDefinitions.signInPageSteps1)-User is on Sign In Page
[INFO ]2023-10-0714:34:12.984[main]stepDefinitions.signInPageSteps1)-User Enter username as " username "and Password as " sdet84batch" 
[INFO ]2023-10-0714:34:13.120[main]stepDefinitions.signInPageSteps1)-User clicks on login button
[INFO ]2023-10-0714:34:13.120[main]stepDefinitions.signInPageSteps1)-Expected Message - Excel Sheet :  Please check your user id
[INFO ]2023-10-0714:34:13.653[main]stepDefinitions.signInPageSteps1)-Actual Message :  Invalid Username and Password
[INFO ]2023-10-0714:34:17.724[main]stepDefinitions.signInPageSteps1)-User is on Sign In Page
[INFO ]2023-10-0714:34:17.771[main]stepDefinitions.signInPageSteps1)-User Enter username as " Numpysdet86 "and Password as " sdet86batch" 
[INFO ]2023-10-0714:34:17.906[main]stepDefinitions.signInPageSteps1)-User clicks on login button
[INFO ]2023-10-0714:34:17.906[main]stepDefinitions.signInPageSteps1)-Expected Message - Excel Sheet :  Invalid Username and Password
[INFO ]2023-10-0714:34:18.453[main]stepDefinitions.signInPageSteps1)-Actual Message :  Invalid Username and Password
[INFO ]2023-10-0714:36:11.947[main]stepDefinitions.signInPageSteps1)-User is on Sign In Page
[INFO ]2023-10-0714:36:12.485[main]stepDefinitions.signInPageSteps1)-User Enter username as " Numpysdet84 "and Password as " user" 
[INFO ]2023-10-0714:36:12.624[main]stepDefinitions.signInPageSteps1)-User clicks on login button
[INFO ]2023-10-0714:36:12.624[main]stepDefinitions.signInPageSteps1)-Expected Message - Excel Sheet :  Please check your password
[INFO ]2023-10-0714:36:13.146[main]stepDefinitions.signInPageSteps1)-Actual Message :  Invalid Username and Password
[INFO ]2023-10-0714:36:17.235[main]stepDefinitions.signInPageSteps1)-User is on Sign In Page
[INFO ]2023-10-0714:36:17.285[main]stepDefinitions.signInPageSteps1)-User Enter username as " username "and Password as " sdet84batch" 
[INFO ]2023-10-0714:36:17.422[main]stepDefinitions.signInPageSteps1)-User clicks on login button
[INFO ]2023-10-0714:36:17.422[main]stepDefinitions.signInPageSteps1)-Expected Message - Excel Sheet :  Please check your user id
[INFO ]2023-10-0714:36:17.962[main]stepDefinitions.signInPageSteps1)-Actual Message :  Invalid Username and Password
[INFO ]2023-10-0714:36:21.966[main]stepDefinitions.signInPageSteps1)-User is on Sign In Page
[INFO ]2023-10-0714:36:22.029[main]stepDefinitions.signInPageSteps1)-User Enter username as " Numpysdet86 "and Password as " sdet86batch" 
[INFO ]2023-10-0714:36:22.176[main]stepDefinitions.signInPageSteps1)-User clicks on login button
[INFO ]2023-10-0714:36:22.176[main]stepDefinitions.signInPageSteps1)-Expected Message - Excel Sheet :  Invalid Username and Password
[INFO ]2023-10-0714:36:22.676[main]stepDefinitions.signInPageSteps1)-Actual Message :  Invalid Username and Password
[INFO ]2023-10-0714:36:26.258[main]stepDefinitions.signInPageSteps1)-User is on Sign In Page
[INFO ]2023-10-0714:36:26.305[main]stepDefinitions.signInPageSteps1)-User Enter username as " Numpysdet84 "and Password as " sdet84batch" 
[INFO ]2023-10-0714:36:26.454[main]stepDefinitions.signInPageSteps1)-User clicks on login button
[INFO ]2023-10-0714:36:26.454[main]stepDefinitions.signInPageSteps1)-Expected Message - Excel Sheet :  You are logged in
[INFO ]2023-10-0714:36:27.335[main]stepDefinitions.signInPageSteps1)-Actual Message :  You are logged in
[INFO ]2023-10-0719:15:14.270[main]stepDefinitions.signInPageSteps1)-User is on Sign In Page
[INFO ]2023-10-0719:15:14.860[main]stepDefinitions.signInPageSteps1)-User Enter username as " Numpysdet84 "and Password as " user" 
[INFO ]2023-10-0719:15:14.998[main]stepDefinitions.signInPageSteps1)-User clicks on login button
[INFO ]2023-10-0719:15:14.999[main]stepDefinitions.signInPageSteps1)-Expected Message - Excel Sheet :  Please check your password
[INFO ]2023-10-0719:15:15.493[main]stepDefinitions.signInPageSteps1)-Actual Message :  Invalid Username and Password
[INFO ]2023-10-0719:15:20.078[main]stepDefinitions.signInPageSteps1)-User is on Sign In Page
[INFO ]2023-10-0719:15:20.133[main]stepDefinitions.signInPageSteps1)-User Enter username as " username "and Password as " sdet84batch" 
[INFO ]2023-10-0719:15:20.320[main]stepDefinitions.signInPageSteps1)-User clicks on login button
[INFO ]2023-10-0719:15:20.320[main]stepDefinitions.signInPageSteps1)-Expected Message - Excel Sheet :  Please check your user id
[INFO ]2023-10-0719:15:20.834[main]stepDefinitions.signInPageSteps1)-Actual Message :  Invalid Username and Password
[INFO ]2023-10-0719:15:24.859[main]stepDefinitions.signInPageSteps1)-User is on Sign In Page
[INFO ]2023-10-0719:15:24.922[main]stepDefinitions.signInPageSteps1)-User Enter username as " Numpysdet86 "and Password as " sdet86batch" 
[INFO ]2023-10-0719:15:25.120[main]stepDefinitions.signInPageSteps1)-User clicks on login button
[INFO ]2023-10-0719:15:25.121[main]stepDefinitions.signInPageSteps1)-Expected Message - Excel Sheet :  Invalid Username and Password
[INFO ]2023-10-0719:15:25.637[main]stepDefinitions.signInPageSteps1)-Actual Message :  Invalid Username and Password
[INFO ]2023-10-0720:07:37.516[main]stepDefinitions.signInPageSteps1)-User is on Sign In Page
[INFO ]2023-10-0720:07:38.089[main]stepDefinitions.signInPageSteps1)-User Enter username as " Numpysdet84 "and Password as " user" 
[INFO ]2023-10-0720:07:38.254[main]stepDefinitions.signInPageSteps1)-User clicks on login button
[INFO ]2023-10-0720:07:38.254[main]stepDefinitions.signInPageSteps1)-Expected Message - Excel Sheet :  Please check your password
[INFO ]2023-10-0720:07:38.867[main]stepDefinitions.signInPageSteps1)-Actual Message :  Invalid Username and Password
[INFO ]2023-10-0720:07:43.000[main]stepDefinitions.signInPageSteps1)-User is on Sign In Page
[INFO ]2023-10-0720:07:43.045[main]stepDefinitions.signInPageSteps1)-User Enter username as " username "and Password as " sdet84batch" 
[INFO ]2023-10-0720:07:43.178[main]stepDefinitions.signInPageSteps1)-User clicks on login button
[INFO ]2023-10-0720:07:43.178[main]stepDefinitions.signInPageSteps1)-Expected Message - Excel Sheet :  Please check your user id
[INFO ]2023-10-0720:07:43.699[main]stepDefinitions.signInPageSteps1)-Actual Message :  Invalid Username and Password
[INFO ]2023-10-0720:07:47.774[main]stepDefinitions.signInPageSteps1)-User is on Sign In Page
[INFO ]2023-10-0720:07:47.818[main]stepDefinitions.signInPageSteps1)-User Enter username as " Numpysdet86 "and Password as " sdet86batch" 
[INFO ]2023-10-0720:07:47.975[main]stepDefinitions.signInPageSteps1)-User clicks on login button
[INFO ]2023-10-0720:07:47.975[main]stepDefinitions.signInPageSteps1)-Expected Message - Excel Sheet :  Invalid Username and Password
[INFO ]2023-10-0720:07:48.500[main]stepDefinitions.signInPageSteps1)-Actual Message :  Invalid Username and Password
[INFO ]2023-10-0820:48:27.568[main]stepDefinitions.signInPageSteps1)-User is on Sign In Page
[INFO ]2023-10-0820:48:28.165[main]stepDefinitions.signInPageSteps1)-User Enter username as " Numpysdet84 "and Password as " user" 
[INFO ]2023-10-0820:48:28.319[main]stepDefinitions.signInPageSteps1)-User clicks on login button
[INFO ]2023-10-0820:48:28.319[main]stepDefinitions.signInPageSteps1)-Expected Message - Excel Sheet :  Please check your password
[INFO ]2023-10-0820:48:28.852[main]stepDefinitions.signInPageSteps1)-Actual Message :  Invalid Username and Password
[INFO ]2023-10-0820:48:33.057[main]stepDefinitions.signInPageSteps1)-User is on Sign In Page
[INFO ]2023-10-0820:48:33.114[main]stepDefinitions.signInPageSteps1)-User Enter username as " username "and Password as " sdet84batch" 
[INFO ]2023-10-0820:48:33.245[main]stepDefinitions.signInPageSteps1)-User clicks on login button
[INFO ]2023-10-0820:48:33.245[main]stepDefinitions.signInPageSteps1)-Expected Message - Excel Sheet :  Please check your user id
[INFO ]2023-10-0820:48:33.760[main]stepDefinitions.signInPageSteps1)-Actual Message :  Invalid Username and Password
[INFO ]2023-10-0820:48:38.348[main]stepDefinitions.signInPageSteps1)-User is on Sign In Page
[INFO ]2023-10-0820:48:38.396[main]stepDefinitions.signInPageSteps1)-User Enter username as " Numpysdet86 "and Password as " sdet86batch" 
[INFO ]2023-10-0820:48:38.561[main]stepDefinitions.signInPageSteps1)-User clicks on login button
[INFO ]2023-10-0820:48:38.561[main]stepDefinitions.signInPageSteps1)-Expected Message - Excel Sheet :  Invalid Username and Password
[INFO ]2023-10-0820:48:39.140[main]stepDefinitions.signInPageSteps1)-Actual Message :  Invalid Username and Password
[INFO ]2023-10-0821:32:04.228[main]stepDefinitions.signInPageSteps1)-User is on Sign In Page
[INFO ]2023-10-0821:32:04.793[main]stepDefinitions.signInPageSteps1)-User Enter username as " Numpysdet84 "and Password as " user" 
[INFO ]2023-10-0821:32:04.941[main]stepDefinitions.signInPageSteps1)-User clicks on login button
[INFO ]2023-10-0821:32:04.941[main]stepDefinitions.signInPageSteps1)-Expected Message - Excel Sheet :  Please check your password
[INFO ]2023-10-0821:32:05.709[main]stepDefinitions.signInPageSteps1)-Actual Message :  Invalid Username and Password
[INFO ]2023-10-0821:32:13.022[main]stepDefinitions.signInPageSteps1)-User is on Sign In Page
[INFO ]2023-10-0821:32:13.081[main]stepDefinitions.signInPageSteps1)-User Enter username as " username "and Password as " sdet84batch" 
[INFO ]2023-10-0821:32:13.212[main]stepDefinitions.signInPageSteps1)-User clicks on login button
[INFO ]2023-10-0821:32:13.212[main]stepDefinitions.signInPageSteps1)-Expected Message - Excel Sheet :  Please check your user id
[INFO ]2023-10-0821:32:13.720[main]stepDefinitions.signInPageSteps1)-Actual Message :  Invalid Username and Password
[INFO ]2023-10-0821:32:18.178[main]stepDefinitions.signInPageSteps1)-User is on Sign In Page
[INFO ]2023-10-0821:32:18.220[main]stepDefinitions.signInPageSteps1)-User Enter username as " Numpysdet86 "and Password as " sdet86batch" 
[INFO ]2023-10-0821:32:18.392[main]stepDefinitions.signInPageSteps1)-User clicks on login button
[INFO ]2023-10-0821:32:18.392[main]stepDefinitions.signInPageSteps1)-Expected Message - Excel Sheet :  Invalid Username and Password
[INFO ]2023-10-0821:32:19.272[main]stepDefinitions.signInPageSteps1)-Actual Message :  Invalid Username and Password
[INFO ]2023-10-0821:38:14.012[main]stepDefinitions.signInPageSteps1)-User is on Sign In Page
[INFO ]2023-10-0821:38:14.557[main]stepDefinitions.signInPageSteps1)-User Enter username as " Numpysdet84 "and Password as " user" 
[INFO ]2023-10-0821:38:14.698[main]stepDefinitions.signInPageSteps1)-User clicks on login button
[INFO ]2023-10-0821:38:14.698[main]stepDefinitions.signInPageSteps1)-Expected Message - Excel Sheet :  Please check your password
[INFO ]2023-10-0821:38:15.226[main]stepDefinitions.signInPageSteps1)-Actual Message :  Invalid Username and Password
[INFO ]2023-10-0821:38:19.886[main]stepDefinitions.signInPageSteps1)-User is on Sign In Page
[INFO ]2023-10-0821:38:19.935[main]stepDefinitions.signInPageSteps1)-User Enter username as " username "and Password as " sdet84batch" 
[INFO ]2023-10-0821:38:20.073[main]stepDefinitions.signInPageSteps1)-User clicks on login button
[INFO ]2023-10-0821:38:20.073[main]stepDefinitions.signInPageSteps1)-Expected Message - Excel Sheet :  Please check your user id
[INFO ]2023-10-0821:38:20.571[main]stepDefinitions.signInPageSteps1)-Actual Message :  Invalid Username and Password
[INFO ]2023-10-0821:38:25.416[main]stepDefinitions.signInPageSteps1)-User is on Sign In Page
[INFO ]2023-10-0821:38:25.478[main]stepDefinitions.signInPageSteps1)-User Enter username as " Numpysdet86 "and Password as " sdet86batch" 
[INFO ]2023-10-0821:38:25.647[main]stepDefinitions.signInPageSteps1)-User clicks on login button
[INFO ]2023-10-0821:38:25.647[main]stepDefinitions.signInPageSteps1)-Expected Message - Excel Sheet :  Invalid Username and Password
[INFO ]2023-10-0821:38:26.911[main]stepDefinitions.signInPageSteps1)-Actual Message :  Invalid Username and Password
[INFO ]2023-10-0821:47:00.427[main]stepDefinitions.signInPageSteps1)-User is on Sign In Page
[INFO ]2023-10-0821:47:00.957[main]stepDefinitions.signInPageSteps1)-User Enter username as " Numpysdet84 "and Password as " user" 
[INFO ]2023-10-0821:47:01.100[main]stepDefinitions.signInPageSteps1)-User clicks on login button
[INFO ]2023-10-0821:47:01.100[main]stepDefinitions.signInPageSteps1)-Expected Message - Excel Sheet :  Please check your password
[INFO ]2023-10-0821:47:01.617[main]stepDefinitions.signInPageSteps1)-Actual Message :  Invalid Username and Password
[INFO ]2023-10-0821:47:11.524[main]stepDefinitions.signInPageSteps1)-User is on Sign In Page
[INFO ]2023-10-0821:47:11.583[main]stepDefinitions.signInPageSteps1)-User Enter username as " username "and Password as " sdet84batch" 
[INFO ]2023-10-0821:47:11.718[main]stepDefinitions.signInPageSteps1)-User clicks on login button
[INFO ]2023-10-0821:47:11.718[main]stepDefinitions.signInPageSteps1)-Expected Message - Excel Sheet :  Please check your user id
[INFO ]2023-10-0821:47:12.228[main]stepDefinitions.signInPageSteps1)-Actual Message :  Invalid Username and Password
[INFO ]2023-10-0821:47:16.562[main]stepDefinitions.signInPageSteps1)-User is on Sign In Page
[INFO ]2023-10-0821:47:16.611[main]stepDefinitions.signInPageSteps1)-User Enter username as " Numpysdet86 "and Password as " sdet86batch" 
[INFO ]2023-10-0821:47:16.782[main]stepDefinitions.signInPageSteps1)-User clicks on login button
[INFO ]2023-10-0821:47:16.782[main]stepDefinitions.signInPageSteps1)-Expected Message - Excel Sheet :  Invalid Username and Password
[INFO ]2023-10-0821:47:17.323[main]stepDefinitions.signInPageSteps1)-Actual Message :  Invalid Username and Password
[INFO ]2023-10-0821:52:43.153[main]stepDefinitions.signInPageSteps1)-User is on Sign In Page
[INFO ]2023-10-0821:52:43.679[main]stepDefinitions.signInPageSteps1)-User Enter username as " Numpysdet84 "and Password as " user" 
[INFO ]2023-10-0821:52:43.812[main]stepDefinitions.signInPageSteps1)-User clicks on login button
[INFO ]2023-10-0821:52:43.813[main]stepDefinitions.signInPageSteps1)-Expected Message - Excel Sheet :  Please check your password
[INFO ]2023-10-0821:52:44.328[main]stepDefinitions.signInPageSteps1)-Actual Message :  Invalid Username and Password
[INFO ]2023-10-0821:52:48.634[main]stepDefinitions.signInPageSteps1)-User is on Sign In Page
[INFO ]2023-10-0821:52:48.690[main]stepDefinitions.signInPageSteps1)-User Enter username as " username "and Password as " sdet84batch" 
[INFO ]2023-10-0821:52:48.828[main]stepDefinitions.signInPageSteps1)-User clicks on login button
[INFO ]2023-10-0821:52:48.829[main]stepDefinitions.signInPageSteps1)-Expected Message - Excel Sheet :  Please check your user id
[INFO ]2023-10-0821:52:49.321[main]stepDefinitions.signInPageSteps1)-Actual Message :  Invalid Username and Password
[INFO ]2023-10-0821:52:54.533[main]stepDefinitions.signInPageSteps1)-User is on Sign In Page
[INFO ]2023-10-0821:52:54.581[main]stepDefinitions.signInPageSteps1)-User Enter username as " Numpysdet86 "and Password as " sdet86batch" 
[INFO ]2023-10-0821:52:54.728[main]stepDefinitions.signInPageSteps1)-User clicks on login button
[INFO ]2023-10-0821:52:54.728[main]stepDefinitions.signInPageSteps1)-Expected Message - Excel Sheet :  Invalid Username and Password
[INFO ]2023-10-0821:52:55.246[main]stepDefinitions.signInPageSteps1)-Actual Message :  Invalid Username and Password
[INFO ]2023-10-0917:34:35.628[main]stepDefinitions.signInPageSteps1)-User is on Sign In Page
[INFO ]2023-10-0917:34:36.224[main]stepDefinitions.signInPageSteps1)-User Enter username as " Numpysdet84 "and Password as " user" 
[INFO ]2023-10-0917:34:36.385[main]stepDefinitions.signInPageSteps1)-User clicks on login button
[INFO ]2023-10-0917:34:36.386[main]stepDefinitions.signInPageSteps1)-Expected Message - Excel Sheet :  Please check your password
[INFO ]2023-10-0917:34:37.056[main]stepDefinitions.signInPageSteps1)-Actual Message :  Invalid Username and Password
[INFO ]2023-10-0917:34:41.130[main]stepDefinitions.signInPageSteps1)-User is on Sign In Page
[INFO ]2023-10-0917:34:41.183[main]stepDefinitions.signInPageSteps1)-User Enter username as " username "and Password as " sdet84batch" 
[INFO ]2023-10-0917:34:41.326[main]stepDefinitions.signInPageSteps1)-User clicks on login button
[INFO ]2023-10-0917:34:41.326[main]stepDefinitions.signInPageSteps1)-Expected Message - Excel Sheet :  Please check your user id
[INFO ]2023-10-0917:34:41.858[main]stepDefinitions.signInPageSteps1)-Actual Message :  Invalid Username and Password
[INFO ]2023-10-0917:34:45.873[main]stepDefinitions.signInPageSteps1)-User is on Sign In Page
[INFO ]2023-10-0917:34:45.923[main]stepDefinitions.signInPageSteps1)-User Enter username as " Numpysdet86 "and Password as " sdet86batch" 
[INFO ]2023-10-0917:34:46.066[main]stepDefinitions.signInPageSteps1)-User clicks on login button
[INFO ]2023-10-0917:34:46.066[main]stepDefinitions.signInPageSteps1)-Expected Message - Excel Sheet :  Invalid Username and Password
[INFO ]2023-10-0917:34:53.095[main]stepDefinitions.signInPageSteps1)-User is on Sign In Page
[INFO ]2023-10-0917:34:53.161[main]stepDefinitions.signInPageSteps1)-User Enter username as " Numpysdet84 "and Password as " sdet84batch" 
[INFO ]2023-10-0917:34:53.358[main]stepDefinitions.signInPageSteps1)-User clicks on login button
[INFO ]2023-10-0917:34:53.358[main]stepDefinitions.signInPageSteps1)-Expected Message - Excel Sheet :  You are logged in
[INFO ]2023-10-0917:34:54.249[main]stepDefinitions.signInPageSteps1)-Actual Message :  You are logged in
[INFO ]2023-10-0917:40:06.400[main]stepDefinitions.signInPageSteps1)-User is on Sign In Page
[INFO ]2023-10-0917:40:06.988[main]stepDefinitions.signInPageSteps1)-User Enter username as " Numpysdet84 "and Password as " sdet84batch" 
[INFO ]2023-10-0917:40:07.179[main]stepDefinitions.signInPageSteps1)-User clicks on login button
[INFO ]2023-10-0917:40:07.180[main]stepDefinitions.signInPageSteps1)-Expected Message - Excel Sheet :  You are logged in
[INFO ]2023-10-0917:40:08.116[main]stepDefinitions.signInPageSteps1)-Actual Message :  You are logged in
[INFO ]2023-10-0917:42:39.560[main]stepDefinitions.signInPageSteps1)-User is on Sign In Page
[INFO ]2023-10-0917:42:40.110[main]stepDefinitions.signInPageSteps1)-User Enter username as " Numpysdet84 "and Password as " user" 
[INFO ]2023-10-0917:42:40.271[main]stepDefinitions.signInPageSteps1)-User clicks on login button
[INFO ]2023-10-0917:42:40.271[main]stepDefinitions.signInPageSteps1)-Expected Message - Excel Sheet :  Please check your password
[INFO ]2023-10-0917:42:40.877[main]stepDefinitions.signInPageSteps1)-Actual Message :  Invalid Username and Password
[INFO ]2023-10-0917:42:44.912[main]stepDefinitions.signInPageSteps1)-User is on Sign In Page
[INFO ]2023-10-0917:42:44.969[main]stepDefinitions.signInPageSteps1)-User Enter username as " username "and Password as " sdet84batch" 
[INFO ]2023-10-0917:42:45.172[main]stepDefinitions.signInPageSteps1)-User clicks on login button
[INFO ]2023-10-0917:42:45.172[main]stepDefinitions.signInPageSteps1)-Expected Message - Excel Sheet :  Please check your user id
[INFO ]2023-10-0917:42:45.697[main]stepDefinitions.signInPageSteps1)-Actual Message :  Invalid Username and Password
[INFO ]2023-10-0917:42:49.859[main]stepDefinitions.signInPageSteps1)-User is on Sign In Page
[INFO ]2023-10-0917:42:49.920[main]stepDefinitions.signInPageSteps1)-User Enter username as " Numpysdet86 "and Password as " sdet86batch" 
[INFO ]2023-10-0917:42:50.165[main]stepDefinitions.signInPageSteps1)-User clicks on login button
[INFO ]2023-10-0917:42:50.166[main]stepDefinitions.signInPageSteps1)-Expected Message - Excel Sheet :  Invalid Username and Password
[INFO ]2023-10-1518:08:07.581[main]stepDefinitions.signInPageSteps1)-User is on Register Page
[INFO ]2023-10-1518:08:08.198[main]stepDefinitions.signInPageSteps1)-User Enter username as "  "and Password as " " 
[INFO ]2023-10-1518:08:12.274[main]stepDefinitions.signInPageSteps1)-User is on Register Page
[INFO ]2023-10-1518:08:12.325[main]stepDefinitions.signInPageSteps1)-User Enter username as " arpitaghoshhh "and Password as " " 
[INFO ]2023-10-1518:08:16.459[main]stepDefinitions.signInPageSteps1)-User is on Register Page
[INFO ]2023-10-1518:08:16.526[main]stepDefinitions.signInPageSteps1)-User Enter username as " arpitaghoshhh "and Password as " Arpita@1234567" 
[INFO ]2023-10-1518:08:20.450[main]stepDefinitions.signInPageSteps1)-User is on Register Page
[INFO ]2023-10-1518:08:20.489[main]stepDefinitions.signInPageSteps1)-User Enter username as " arpitaghoshhh "and Password as " Arpi12" 
[INFO ]2023-10-1518:08:25.194[main]stepDefinitions.signInPageSteps1)-User is on Register Page
[INFO ]2023-10-1518:08:25.235[main]stepDefinitions.signInPageSteps1)-User Enter username as " arpitaghoshhh "and Password as " "123456789"" 
[INFO ]2023-10-1518:08:29.872[main]stepDefinitions.signInPageSteps1)-User is on Register Page
[INFO ]2023-10-1518:08:29.912[main]stepDefinitions.signInPageSteps1)-User Enter username as "  "and Password as " Arpita@1234567" 
[INFO ]2023-10-1518:08:33.940[main]stepDefinitions.signInPageSteps1)-User is on Register Page
[INFO ]2023-10-1518:08:33.987[main]stepDefinitions.signInPageSteps1)-User Enter username as " arpitaghoshhh "and Password as " Arpita@1234567" 
[INFO ]2023-10-1518:08:38.599[main]stepDefinitions.signInPageSteps1)-User is on Register Page
[INFO ]2023-10-1518:08:38.655[main]stepDefinitions.signInPageSteps1)-User Enter username as " null "and Password as " Arpita@12345678" 
[INFO ]2023-10-1518:09:42.921[main]stepDefinitions.signInPageSteps1)-User is on Sign In Page
[INFO ]2023-10-1518:09:43.444[main]stepDefinitions.signInPageSteps1)-User Enter username as " Numpysdet84 "and Password as " " 
[INFO ]2023-10-1518:09:43.605[main]stepDefinitions.signInPageSteps1)-User clicks on login button
[INFO ]2023-10-1518:09:43.605[main]stepDefinitions.signInPageSteps1)-Expected Message - Excel Sheet :  Please fill in this field.
[INFO ]2023-10-1518:09:43.758[main]stepDefinitions.signInPageSteps1)-Actual Message :  Please fill in this field.
[INFO ]2023-10-1518:09:47.773[main]stepDefinitions.signInPageSteps1)-User is on Sign In Page
[INFO ]2023-10-1518:09:47.824[main]stepDefinitions.signInPageSteps1)-User Enter username as " username "and Password as " sdet84batch" 
[INFO ]2023-10-1518:09:47.986[main]stepDefinitions.signInPageSteps1)-User clicks on login button
[INFO ]2023-10-1518:09:47.986[main]stepDefinitions.signInPageSteps1)-Expected Message - Excel Sheet :  Please fill in this field.
[INFO ]2023-10-1518:09:48.547[main]stepDefinitions.signInPageSteps1)-Actual Message :  Please fill in this field.
[INFO ]2023-10-1518:09:53.916[main]stepDefinitions.signInPageSteps1)-User is on Sign In Page
[INFO ]2023-10-1518:09:53.954[main]stepDefinitions.signInPageSteps1)-User Enter username as " Numpysdet86 "and Password as " username" 
[INFO ]2023-10-1518:09:54.103[main]stepDefinitions.signInPageSteps1)-User clicks on login button
[INFO ]2023-10-1518:09:54.104[main]stepDefinitions.signInPageSteps1)-Expected Message - Excel Sheet :  Please fill in this field.
[INFO ]2023-10-1518:09:54.603[main]stepDefinitions.signInPageSteps1)-Actual Message :  Please fill in this field.
[INFO ]2023-10-1518:09:58.326[main]stepDefinitions.signInPageSteps1)-User is on Sign In Page
[INFO ]2023-10-1518:09:58.375[main]stepDefinitions.signInPageSteps1)-User Enter username as " Numpysdet84 "and Password as " sdet84batch" 
[INFO ]2023-10-1518:09:58.521[main]stepDefinitions.signInPageSteps1)-User clicks on login button
[INFO ]2023-10-1518:09:58.521[main]stepDefinitions.signInPageSteps1)-Expected Message - Excel Sheet :  You are logged in
[INFO ]2023-10-1518:09:59.411[main]stepDefinitions.signInPageSteps1)-Actual Message :  You are logged in
[INFO ]2023-10-1610:28:50.685[main]stepDefinitions.signInPageSteps1)-User is on Sign In Page
[INFO ]2023-10-1610:28:51.221[main]stepDefinitions.signInPageSteps1)-User Enter username as " Numpysdet84 "and Password as " " 
[INFO ]2023-10-1610:28:51.379[main]stepDefinitions.signInPageSteps1)-User clicks on login button
[INFO ]2023-10-1610:28:51.379[main]stepDefinitions.signInPageSteps1)-Expected Message - Excel Sheet :  Please fill in this field.
[INFO ]2023-10-1610:28:51.529[main]stepDefinitions.signInPageSteps1)-Actual Message :  Please fill in this field.
[INFO ]2023-10-1610:28:55.677[main]stepDefinitions.signInPageSteps1)-User is on Sign In Page
[INFO ]2023-10-1610:28:55.773[main]stepDefinitions.signInPageSteps1)-User Enter username as " username "and Password as " sdet84batch" 
[INFO ]2023-10-1610:28:55.972[main]stepDefinitions.signInPageSteps1)-User clicks on login button
[INFO ]2023-10-1610:28:55.973[main]stepDefinitions.signInPageSteps1)-Expected Message - Excel Sheet :  Please fill in this field.
[INFO ]2023-10-1610:28:56.525[main]stepDefinitions.signInPageSteps1)-Actual Message :  Please fill in this field.
[INFO ]2023-10-1610:29:00.357[main]stepDefinitions.signInPageSteps1)-User is on Sign In Page
[INFO ]2023-10-1610:29:00.402[main]stepDefinitions.signInPageSteps1)-User Enter username as " Numpysdet86 "and Password as " username" 
[INFO ]2023-10-1610:29:00.556[main]stepDefinitions.signInPageSteps1)-User clicks on login button
[INFO ]2023-10-1610:29:00.557[main]stepDefinitions.signInPageSteps1)-Expected Message - Excel Sheet :  Please fill in this field.
[INFO ]2023-10-1610:29:01.076[main]stepDefinitions.signInPageSteps1)-Actual Message :  Please fill in this field.
[INFO ]2023-10-1610:29:04.983[main]stepDefinitions.signInPageSteps1)-User is on Sign In Page
[INFO ]2023-10-1610:29:05.028[main]stepDefinitions.signInPageSteps1)-User Enter username as " Numpysdet84 "and Password as " sdet84batch" 
[INFO ]2023-10-1610:29:05.228[main]stepDefinitions.signInPageSteps1)-User clicks on login button
[INFO ]2023-10-1610:29:05.229[main]stepDefinitions.signInPageSteps1)-Expected Message - Excel Sheet :  You are logged in
[INFO ]2023-10-1610:29:06.139[main]stepDefinitions.signInPageSteps1)-Actual Message :  You are logged in
[INFO ]2023-10-1610:35:20.270[main]stepDefinitions.signInPageSteps1)-User is on Register Page
[INFO ]2023-10-1610:35:21.031[main]stepDefinitions.signInPageSteps1)-User Enter username as "  "and Password as " " 
[INFO ]2023-10-1610:35:25.121[main]stepDefinitions.signInPageSteps1)-User is on Register Page
[INFO ]2023-10-1610:35:25.173[main]stepDefinitions.signInPageSteps1)-User Enter username as " arpitaghoshhh "and Password as " " 
[INFO ]2023-10-1610:35:29.265[main]stepDefinitions.signInPageSteps1)-User is on Register Page
[INFO ]2023-10-1610:35:29.312[main]stepDefinitions.signInPageSteps1)-User Enter username as " arpitaghoshhh "and Password as " Arpita@1234567" 
[INFO ]2023-10-1610:35:33.343[main]stepDefinitions.signInPageSteps1)-User is on Register Page
[INFO ]2023-10-1610:35:33.425[main]stepDefinitions.signInPageSteps1)-User Enter username as " arpitaghoshhh "and Password as " Arpi12" 
[INFO ]2023-10-1610:35:38.340[main]stepDefinitions.signInPageSteps1)-User is on Register Page
[INFO ]2023-10-1610:35:38.399[main]stepDefinitions.signInPageSteps1)-User Enter username as " arpitaghoshhh "and Password as " "123456789"" 
[INFO ]2023-10-1610:35:43.220[main]stepDefinitions.signInPageSteps1)-User is on Register Page
[INFO ]2023-10-1610:35:43.260[main]stepDefinitions.signInPageSteps1)-User Enter username as "  "and Password as " Arpita@1234567" 
[INFO ]2023-10-1610:35:51.010[main]stepDefinitions.signInPageSteps1)-User is on Register Page
[INFO ]2023-10-1610:35:51.047[main]stepDefinitions.signInPageSteps1)-User Enter username as " arpitaghoshhh "and Password as " Arpita@1234567" 
[INFO ]2023-10-1610:35:55.499[main]stepDefinitions.signInPageSteps1)-User is on Register Page
[INFO ]2023-10-1610:35:55.529[main]stepDefinitions.signInPageSteps1)-User Enter username as " null "and Password as " Arpita@12345678" 
[INFO ]2023-10-1610:36:00.370[main]stepDefinitions.signInPageSteps1)-User is on Sign In Page
[INFO ]2023-10-1610:36:00.410[main]stepDefinitions.signInPageSteps1)-User Enter username as " Numpysdet84 "and Password as " " 
[INFO ]2023-10-1610:36:00.542[main]stepDefinitions.signInPageSteps1)-User clicks on login button
[INFO ]2023-10-1610:36:00.542[main]stepDefinitions.signInPageSteps1)-Expected Message - Excel Sheet :  Please fill in this field.
[INFO ]2023-10-1610:36:00.653[main]stepDefinitions.signInPageSteps1)-Actual Message :  Please fill in this field.
[INFO ]2023-10-1610:36:04.525[main]stepDefinitions.signInPageSteps1)-User is on Sign In Page
[INFO ]2023-10-1610:36:04.589[main]stepDefinitions.signInPageSteps1)-User Enter username as " username "and Password as " sdet84batch" 
[INFO ]2023-10-1610:36:05.056[main]stepDefinitions.signInPageSteps1)-User clicks on login button
[INFO ]2023-10-1610:36:05.057[main]stepDefinitions.signInPageSteps1)-Expected Message - Excel Sheet :  Please fill in this field.
[INFO ]2023-10-1610:36:05.666[main]stepDefinitions.signInPageSteps1)-Actual Message :  Please fill in this field.
[INFO ]2023-10-1610:36:10.218[main]stepDefinitions.signInPageSteps1)-User is on Sign In Page
[INFO ]2023-10-1610:36:10.252[main]stepDefinitions.signInPageSteps1)-User Enter username as " Numpysdet86 "and Password as " username" 
[INFO ]2023-10-1610:36:10.407[main]stepDefinitions.signInPageSteps1)-User clicks on login button
[INFO ]2023-10-1610:36:10.407[main]stepDefinitions.signInPageSteps1)-Expected Message - Excel Sheet :  Please fill in this field.
[INFO ]2023-10-1610:36:10.920[main]stepDefinitions.signInPageSteps1)-Actual Message :  Please fill in this field.
[INFO ]2023-10-1610:36:14.896[main]stepDefinitions.signInPageSteps1)-User is on Sign In Page
[INFO ]2023-10-1610:36:14.932[main]stepDefinitions.signInPageSteps1)-User Enter username as " Numpysdet84 "and Password as " sdet84batch" 
[INFO ]2023-10-1610:36:15.078[main]stepDefinitions.signInPageSteps1)-User clicks on login button
[INFO ]2023-10-1610:36:15.078[main]stepDefinitions.signInPageSteps1)-Expected Message - Excel Sheet :  You are logged in
[INFO ]2023-10-1610:36:15.946[main]stepDefinitions.signInPageSteps1)-Actual Message :  You are logged in
[INFO ]2023-10-1617:12:11.958[main]stepDefinitions.signInPageSteps1)-User is on Sign In Page
[INFO ]2023-10-1617:12:12.594[main]stepDefinitions.signInPageSteps1)-User Enter username as " Numpysdet84 "and Password as " sdet84batch" 
[INFO ]2023-10-1617:12:12.805[main]stepDefinitions.signInPageSteps1)-User clicks on login button
[INFO ]2023-10-1617:12:12.805[main]stepDefinitions.signInPageSteps1)-Expected Message - Excel Sheet :  You are logged in
[INFO ]2023-10-1618:55:58.295[main]stepDefinitions.signInPageSteps1)-User is on Sign In Page
[INFO ]2023-10-1618:55:58.935[main]stepDefinitions.signInPageSteps1)-User Enter username as " Numpysdet84 "and Password as " sdet84batch" 
[INFO ]2023-10-1618:55:59.145[main]stepDefinitions.signInPageSteps1)-User clicks on login button
[INFO ]2023-10-1618:55:59.146[main]stepDefinitions.signInPageSteps1)-Expected Message - Excel Sheet :  You are logged in
[INFO ]2023-10-1618:56:08.723[main]stepDefinitions.signInPageSteps1)-User is on Sign In Page
[INFO ]2023-10-1618:56:08.793[main]stepDefinitions.signInPageSteps1)-User Enter username as " Numpysdet84 "and Password as " sdet84batch" 
[INFO ]2023-10-1618:56:08.990[main]stepDefinitions.signInPageSteps1)-User clicks on login button
[INFO ]2023-10-1618:56:08.990[main]stepDefinitions.signInPageSteps1)-Expected Message - Excel Sheet :  You are logged in
[INFO ]2023-10-1618:56:14.204[main]stepDefinitions.dataStructureSteps1)-User Enter username as " Numpysdet84 "and Password as " sdet84batch" 
[INFO ]2023-10-1618:56:18.250[main]stepDefinitions.signInPageSteps1)-User is on Sign In Page
[INFO ]2023-10-1618:56:18.311[main]stepDefinitions.signInPageSteps1)-User Enter username as " Numpysdet84 "and Password as " sdet84batch" 
[INFO ]2023-10-1618:56:18.493[main]stepDefinitions.signInPageSteps1)-User clicks on login button
[INFO ]2023-10-1618:56:18.493[main]stepDefinitions.signInPageSteps1)-Expected Message - Excel Sheet :  You are logged in
[INFO ]2023-10-1618:56:24.108[main]stepDefinitions.dataStructureSteps1)-User Enter username as " Numpysdet84 "and Password as " sdet84batch" 
[INFO ]2023-10-1618:56:28.054[main]stepDefinitions.signInPageSteps1)-User is on Sign In Page
[INFO ]2023-10-1618:56:28.115[main]stepDefinitions.signInPageSteps1)-User Enter username as " Numpysdet84 "and Password as " sdet84batch" 
[INFO ]2023-10-1618:56:28.307[main]stepDefinitions.signInPageSteps1)-User clicks on login button
[INFO ]2023-10-1618:56:28.308[main]stepDefinitions.signInPageSteps1)-Expected Message - Excel Sheet :  You are logged in
[INFO ]2023-10-1619:24:32.874[main]stepDefinitions.signInPageSteps1)-User is on Sign In Page
[INFO ]2023-10-1619:24:33.535[main]stepDefinitions.signInPageSteps1)-User Enter username as " Numpysdet84 "and Password as " sdet84batch" 
[INFO ]2023-10-1619:24:33.711[main]stepDefinitions.signInPageSteps1)-User clicks on login button
[INFO ]2023-10-1619:24:33.711[main]stepDefinitions.signInPageSteps1)-Expected Message - Excel Sheet :  You are logged in
[INFO ]2023-10-1619:24:40.798[main]stepDefinitions.signInPageSteps1)-User is on Sign In Page
[INFO ]2023-10-1619:24:40.999[main]stepDefinitions.signInPageSteps1)-User Enter username as " Numpysdet84 "and Password as " sdet84batch" 
[INFO ]2023-10-1619:24:41.230[main]stepDefinitions.signInPageSteps1)-User clicks on login button
[INFO ]2023-10-1619:24:41.231[main]stepDefinitions.signInPageSteps1)-Expected Message - Excel Sheet :  You are logged in
[INFO ]2023-10-1619:24:47.616[main]stepDefinitions.signInPageSteps1)-User is on Sign In Page
[INFO ]2023-10-1619:24:47.675[main]stepDefinitions.signInPageSteps1)-User Enter username as " Numpysdet84 "and Password as " sdet84batch" 
[INFO ]2023-10-1619:24:47.890[main]stepDefinitions.signInPageSteps1)-User clicks on login button
[INFO ]2023-10-1619:24:47.890[main]stepDefinitions.signInPageSteps1)-Expected Message - Excel Sheet :  You are logged in
[INFO ]2023-10-1619:24:54.130[main]stepDefinitions.signInPageSteps1)-User is on Sign In Page
[INFO ]2023-10-1619:24:54.191[main]stepDefinitions.signInPageSteps1)-User Enter username as " Numpysdet84 "and Password as " sdet84batch" 
[INFO ]2023-10-1619:24:54.422[main]stepDefinitions.signInPageSteps1)-User clicks on login button
[INFO ]2023-10-1619:24:54.422[main]stepDefinitions.signInPageSteps1)-Expected Message - Excel Sheet :  You are logged in
[INFO ]2023-10-1619:25:00.733[main]stepDefinitions.signInPageSteps1)-User is on Sign In Page
[INFO ]2023-10-1619:25:00.783[main]stepDefinitions.signInPageSteps1)-User Enter username as " Numpysdet84 "and Password as " sdet84batch" 
[INFO ]2023-10-1619:25:00.961[main]stepDefinitions.signInPageSteps1)-User clicks on login button
[INFO ]2023-10-1619:25:00.961[main]stepDefinitions.signInPageSteps1)-Expected Message - Excel Sheet :  You are logged in
[INFO ]2023-10-1619:25:07.490[main]stepDefinitions.signInPageSteps1)-User is on Sign In Page
[INFO ]2023-10-1619:25:07.538[main]stepDefinitions.signInPageSteps1)-User Enter username as " Numpysdet84 "and Password as " sdet84batch" 
[INFO ]2023-10-1619:25:07.731[main]stepDefinitions.signInPageSteps1)-User clicks on login button
[INFO ]2023-10-1619:25:07.732[main]stepDefinitions.signInPageSteps1)-Expected Message - Excel Sheet :  You are logged in
[INFO ]2023-10-1619:25:14.032[main]stepDefinitions.signInPageSteps1)-User is on Sign In Page
[INFO ]2023-10-1619:25:14.076[main]stepDefinitions.signInPageSteps1)-User Enter username as " Numpysdet84 "and Password as " sdet84batch" 
[INFO ]2023-10-1619:25:14.241[main]stepDefinitions.signInPageSteps1)-User clicks on login button
[INFO ]2023-10-1619:25:14.242[main]stepDefinitions.signInPageSteps1)-Expected Message - Excel Sheet :  You are logged in
[INFO ]2023-10-1619:25:20.604[main]stepDefinitions.signInPageSteps1)-User is on Sign In Page
[INFO ]2023-10-1619:25:20.642[main]stepDefinitions.signInPageSteps1)-User Enter username as " Numpysdet84 "and Password as " sdet84batch" 
[INFO ]2023-10-1619:25:20.802[main]stepDefinitions.signInPageSteps1)-User clicks on login button
[INFO ]2023-10-1619:25:20.802[main]stepDefinitions.signInPageSteps1)-Expected Message - Excel Sheet :  You are logged in
[INFO ]2023-10-1619:25:27.176[main]stepDefinitions.signInPageSteps1)-User is on Sign In Page
[INFO ]2023-10-1619:25:27.222[main]stepDefinitions.signInPageSteps1)-User Enter username as " Numpysdet84 "and Password as " sdet84batch" 
[INFO ]2023-10-1619:25:27.417[main]stepDefinitions.signInPageSteps1)-User clicks on login button
[INFO ]2023-10-1619:25:27.417[main]stepDefinitions.signInPageSteps1)-Expected Message - Excel Sheet :  You are logged in
[INFO ]2023-10-1619:25:33.907[main]stepDefinitions.signInPageSteps1)-User is on Sign In Page
[INFO ]2023-10-1619:25:33.950[main]stepDefinitions.signInPageSteps1)-User Enter username as " Numpysdet84 "and Password as " sdet84batch" 
[INFO ]2023-10-1619:25:34.221[main]stepDefinitions.signInPageSteps1)-User clicks on login button
[INFO ]2023-10-1619:25:34.222[main]stepDefinitions.signInPageSteps1)-Expected Message - Excel Sheet :  You are logged in
[INFO ]2023-10-1619:25:40.621[main]stepDefinitions.signInPageSteps1)-User is on Sign In Page
[INFO ]2023-10-1619:25:40.663[main]stepDefinitions.signInPageSteps1)-User Enter username as " Numpysdet84 "and Password as " sdet84batch" 
[INFO ]2023-10-1619:25:40.861[main]stepDefinitions.signInPageSteps1)-User clicks on login button
[INFO ]2023-10-1619:25:40.861[main]stepDefinitions.signInPageSteps1)-Expected Message - Excel Sheet :  You are logged in
[INFO ]2023-10-1619:25:47.129[main]stepDefinitions.signInPageSteps1)-User is on Sign In Page
[INFO ]2023-10-1619:25:47.174[main]stepDefinitions.signInPageSteps1)-User Enter username as " Numpysdet84 "and Password as " sdet84batch" 
[INFO ]2023-10-1619:25:47.356[main]stepDefinitions.signInPageSteps1)-User clicks on login button
[INFO ]2023-10-1619:25:47.357[main]stepDefinitions.signInPageSteps1)-Expected Message - Excel Sheet :  You are logged in
[INFO ]2023-10-1619:25:53.464[main]stepDefinitions.signInPageSteps1)-User is on Sign In Page
[INFO ]2023-10-1619:25:53.514[main]stepDefinitions.signInPageSteps1)-User Enter username as " Numpysdet84 "and Password as " sdet84batch" 
[INFO ]2023-10-1619:25:53.697[main]stepDefinitions.signInPageSteps1)-User clicks on login button
[INFO ]2023-10-1619:25:53.697[main]stepDefinitions.signInPageSteps1)-Expected Message - Excel Sheet :  You are logged in
[INFO ]2023-10-1619:26:00.032[main]stepDefinitions.signInPageSteps1)-User is on Sign In Page
[INFO ]2023-10-1619:26:00.078[main]stepDefinitions.signInPageSteps1)-User Enter username as " Numpysdet84 "and Password as " sdet84batch" 
[INFO ]2023-10-1619:26:00.265[main]stepDefinitions.signInPageSteps1)-User clicks on login button
[INFO ]2023-10-1619:26:00.265[main]stepDefinitions.signInPageSteps1)-Expected Message - Excel Sheet :  You are logged in
[INFO ]2023-10-1619:26:06.478[main]stepDefinitions.signInPageSteps1)-User is on Sign In Page
[INFO ]2023-10-1619:26:06.525[main]stepDefinitions.signInPageSteps1)-User Enter username as " Numpysdet84 "and Password as " sdet84batch" 
[INFO ]2023-10-1619:26:06.711[main]stepDefinitions.signInPageSteps1)-User clicks on login button
[INFO ]2023-10-1619:26:06.711[main]stepDefinitions.signInPageSteps1)-Expected Message - Excel Sheet :  You are logged in
[INFO ]2023-10-1619:45:15.392[main]stepDefinitions.signInPageSteps1)-User is on Sign In Page
[INFO ]2023-10-1619:45:15.961[main]stepDefinitions.signInPageSteps1)-User Enter username as " Numpysdet84 "and Password as " sdet84batch" 
[INFO ]2023-10-1619:45:16.125[main]stepDefinitions.signInPageSteps1)-User clicks on login button
[INFO ]2023-10-1619:45:16.125[main]stepDefinitions.signInPageSteps1)-Expected Message - Excel Sheet :  You are logged in
[INFO ]2023-10-1619:45:22.792[main]stepDefinitions.dataStructureSteps1)-User Enter username as " Numpysdet84 "and Password as " sdet84batch" 
[INFO ]2023-10-1619:45:26.969[main]stepDefinitions.signInPageSteps1)-User is on Sign In Page
[INFO ]2023-10-1619:45:27.032[main]stepDefinitions.signInPageSteps1)-User Enter username as " Numpysdet84 "and Password as " sdet84batch" 
[INFO ]2023-10-1619:45:27.257[main]stepDefinitions.signInPageSteps1)-User clicks on login button
[INFO ]2023-10-1619:45:27.257[main]stepDefinitions.signInPageSteps1)-Expected Message - Excel Sheet :  You are logged in
[INFO ]2023-10-1619:45:33.203[main]stepDefinitions.dataStructureSteps1)-User Enter username as " Numpysdet84 "and Password as " sdet84batch" 
[INFO ]2023-10-1619:45:38.751[main]stepDefinitions.signInPageSteps1)-User is on Sign In Page
[INFO ]2023-10-1619:45:38.821[main]stepDefinitions.signInPageSteps1)-User Enter username as " Numpysdet84 "and Password as " sdet84batch" 
[INFO ]2023-10-1619:45:39.019[main]stepDefinitions.signInPageSteps1)-User clicks on login button
[INFO ]2023-10-1619:45:39.019[main]stepDefinitions.signInPageSteps1)-Expected Message - Excel Sheet :  You are logged in
[INFO ]2023-10-1619:45:44.835[main]stepDefinitions.dataStructureSteps1)-User Enter username as " Numpysdet84 "and Password as " sdet84batch" 
[INFO ]2023-10-1619:45:48.854[main]stepDefinitions.signInPageSteps1)-User is on Sign In Page
[INFO ]2023-10-1619:45:48.904[main]stepDefinitions.signInPageSteps1)-User Enter username as " Numpysdet84 "and Password as " sdet84batch" 
[INFO ]2023-10-1619:45:49.116[main]stepDefinitions.signInPageSteps1)-User clicks on login button
[INFO ]2023-10-1619:45:49.116[main]stepDefinitions.signInPageSteps1)-Expected Message - Excel Sheet :  You are logged in
[INFO ]2023-10-1619:45:54.924[main]stepDefinitions.dataStructureSteps1)-User Enter username as " Numpysdet84 "and Password as " sdet84batch" 
[INFO ]2023-10-1619:48:07.619[main]stepDefinitions.signInPageSteps1)-User is on Sign In Page
[INFO ]2023-10-1619:48:08.161[main]stepDefinitions.signInPageSteps1)-User Enter username as " Numpysdet84 "and Password as " sdet84batch" 
[INFO ]2023-10-1619:48:08.304[main]stepDefinitions.signInPageSteps1)-User clicks on login button
[INFO ]2023-10-1619:48:08.305[main]stepDefinitions.signInPageSteps1)-Expected Message - Excel Sheet :  You are logged in
[INFO ]2023-10-1619:48:18.950[main]stepDefinitions.dataStructureSteps1)-User Enter username as " Numpysdet84 "and Password as " sdet84batch" 
[INFO ]2023-10-1619:48:23.107[main]stepDefinitions.signInPageSteps1)-User is on Sign In Page
[INFO ]2023-10-1619:48:23.166[main]stepDefinitions.signInPageSteps1)-User Enter username as " Numpysdet84 "and Password as " sdet84batch" 
[INFO ]2023-10-1619:48:23.339[main]stepDefinitions.signInPageSteps1)-User clicks on login button
[INFO ]2023-10-1619:48:23.340[main]stepDefinitions.signInPageSteps1)-Expected Message - Excel Sheet :  You are logged in
[INFO ]2023-10-1619:48:30.165[main]stepDefinitions.dataStructureSteps1)-User Enter username as " Numpysdet84 "and Password as " sdet84batch" 
[INFO ]2023-10-1619:48:35.259[main]stepDefinitions.signInPageSteps1)-User is on Sign In Page
[INFO ]2023-10-1619:48:35.312[main]stepDefinitions.signInPageSteps1)-User Enter username as " Numpysdet84 "and Password as " sdet84batch" 
[INFO ]2023-10-1619:48:35.556[main]stepDefinitions.signInPageSteps1)-User clicks on login button
[INFO ]2023-10-1619:48:35.557[main]stepDefinitions.signInPageSteps1)-Expected Message - Excel Sheet :  You are logged in
[INFO ]2023-10-1619:48:41.626[main]stepDefinitions.dataStructureSteps1)-User Enter username as " Numpysdet84 "and Password as " sdet84batch" 
[INFO ]2023-10-1619:48:45.568[main]stepDefinitions.signInPageSteps1)-User is on Sign In Page
[INFO ]2023-10-1619:48:45.612[main]stepDefinitions.signInPageSteps1)-User Enter username as " Numpysdet84 "and Password as " sdet84batch" 
[INFO ]2023-10-1619:48:45.806[main]stepDefinitions.signInPageSteps1)-User clicks on login button
[INFO ]2023-10-1619:48:45.806[main]stepDefinitions.signInPageSteps1)-Expected Message - Excel Sheet :  You are logged in
[INFO ]2023-10-1619:48:52.107[main]stepDefinitions.dataStructureSteps1)-User Enter username as " Numpysdet84 "and Password as " sdet84batch" 
[INFO ]2023-10-1619:48:58.710[main]stepDefinitions.signInPageSteps1)-User is on Sign In Page
[INFO ]2023-10-1619:48:58.756[main]stepDefinitions.signInPageSteps1)-User Enter username as " Numpysdet84 "and Password as " sdet84batch" 
[INFO ]2023-10-1619:48:58.947[main]stepDefinitions.signInPageSteps1)-User clicks on login button
[INFO ]2023-10-1619:48:58.947[main]stepDefinitions.signInPageSteps1)-Expected Message - Excel Sheet :  You are logged in
[INFO ]2023-10-1619:49:04.104[main]stepDefinitions.dataStructureSteps1)-User Enter username as " Numpysdet84 "and Password as " sdet84batch" 
[INFO ]2023-10-1619:50:39.980[main]stepDefinitions.signInPageSteps1)-User is on Sign In Page
[INFO ]2023-10-1619:50:40.047[main]stepDefinitions.signInPageSteps1)-User Enter username as " Numpysdet84 "and Password as " sdet84batch" 
[INFO ]2023-10-1619:50:40.242[main]stepDefinitions.signInPageSteps1)-User clicks on login button
[INFO ]2023-10-1619:50:40.242[main]stepDefinitions.signInPageSteps1)-Expected Message - Excel Sheet :  You are logged in
[INFO ]2023-10-1619:51:07.527[main]stepDefinitions.signInPageSteps1)-User is on Sign In Page
[INFO ]2023-10-1619:51:07.592[main]stepDefinitions.signInPageSteps1)-User Enter username as " Numpysdet84 "and Password as " sdet84batch" 
[INFO ]2023-10-1619:51:07.776[main]stepDefinitions.signInPageSteps1)-User clicks on login button
[INFO ]2023-10-1619:51:07.776[main]stepDefinitions.signInPageSteps1)-Expected Message - Excel Sheet :  You are logged in
[INFO ]2023-10-1619:51:16.568[main]stepDefinitions.dataStructureSteps1)-User Enter username as " Numpysdet84 "and Password as " sdet84batch" 
[INFO ]2023-10-1619:51:20.640[main]stepDefinitions.signInPageSteps1)-User is on Sign In Page
[INFO ]2023-10-1619:51:20.681[main]stepDefinitions.signInPageSteps1)-User Enter username as " Numpysdet84 "and Password as " sdet84batch" 
[INFO ]2023-10-1619:51:20.906[main]stepDefinitions.signInPageSteps1)-User clicks on login button
[INFO ]2023-10-1619:51:20.906[main]stepDefinitions.signInPageSteps1)-Expected Message - Excel Sheet :  You are logged in
[INFO ]2023-10-1619:51:33.870[main]stepDefinitions.dataStructureSteps1)-User Enter username as " Numpysdet84 "and Password as " sdet84batch" 
[INFO ]2023-10-1619:51:37.971[main]stepDefinitions.signInPageSteps1)-User is on Sign In Page
[INFO ]2023-10-1619:51:38.017[main]stepDefinitions.signInPageSteps1)-User Enter username as " Numpysdet84 "and Password as " sdet84batch" 
[INFO ]2023-10-1619:51:38.199[main]stepDefinitions.signInPageSteps1)-User clicks on login button
[INFO ]2023-10-1619:51:38.199[main]stepDefinitions.signInPageSteps1)-Expected Message - Excel Sheet :  You are logged in
[INFO ]2023-10-1619:51:48.586[main]stepDefinitions.dataStructureSteps1)-User Enter username as " Numpysdet84 "and Password as " sdet84batch" 
[INFO ]2023-10-1619:51:52.600[main]stepDefinitions.signInPageSteps1)-User is on Sign In Page
[INFO ]2023-10-1619:51:52.632[main]stepDefinitions.signInPageSteps1)-User Enter username as " Numpysdet84 "and Password as " sdet84batch" 
[INFO ]2023-10-1619:51:52.825[main]stepDefinitions.signInPageSteps1)-User clicks on login button
[INFO ]2023-10-1619:51:52.826[main]stepDefinitions.signInPageSteps1)-Expected Message - Excel Sheet :  You are logged in
[INFO ]2023-10-1619:52:00.529[main]stepDefinitions.dataStructureSteps1)-User Enter username as " Numpysdet84 "and Password as " sdet84batch" 
[INFO ]2023-10-1619:52:04.456[main]stepDefinitions.signInPageSteps1)-User is on Sign In Page
[INFO ]2023-10-1619:52:04.500[main]stepDefinitions.signInPageSteps1)-User Enter username as " Numpysdet84 "and Password as " sdet84batch" 
[INFO ]2023-10-1619:52:04.681[main]stepDefinitions.signInPageSteps1)-User clicks on login button
[INFO ]2023-10-1619:52:04.681[main]stepDefinitions.signInPageSteps1)-Expected Message - Excel Sheet :  You are logged in
[INFO ]2023-10-1619:52:11.147[main]stepDefinitions.dataStructureSteps1)-User Enter username as " Numpysdet84 "and Password as " sdet84batch" 
[INFO ]2023-10-1619:52:15.376[main]stepDefinitions.signInPageSteps1)-User is on Sign In Page
[INFO ]2023-10-1619:52:15.414[main]stepDefinitions.signInPageSteps1)-User Enter username as " Numpysdet84 "and Password as " sdet84batch" 
[INFO ]2023-10-1619:52:15.575[main]stepDefinitions.signInPageSteps1)-User clicks on login button
[INFO ]2023-10-1619:52:15.575[main]stepDefinitions.signInPageSteps1)-Expected Message - Excel Sheet :  You are logged in
[INFO ]2023-10-1619:52:21.778[main]stepDefinitions.dataStructureSteps1)-User Enter username as " Numpysdet84 "and Password as " sdet84batch" 
[INFO ]2023-10-1619:52:25.732[main]stepDefinitions.signInPageSteps1)-User is on Sign In Page
[INFO ]2023-10-1619:52:25.778[main]stepDefinitions.signInPageSteps1)-User Enter username as " Numpysdet84 "and Password as " sdet84batch" 
[INFO ]2023-10-1619:52:25.956[main]stepDefinitions.signInPageSteps1)-User clicks on login button
[INFO ]2023-10-1619:52:25.956[main]stepDefinitions.signInPageSteps1)-Expected Message - Excel Sheet :  You are logged in
[INFO ]2023-10-1619:52:38.115[main]stepDefinitions.dataStructureSteps1)-User Enter username as " Numpysdet84 "and Password as " sdet84batch" 
[INFO ]2023-10-1619:52:42.318[main]stepDefinitions.signInPageSteps1)-User is on Sign In Page
[INFO ]2023-10-1619:52:42.345[main]stepDefinitions.signInPageSteps1)-User Enter username as " Numpysdet84 "and Password as " sdet84batch" 
[INFO ]2023-10-1619:52:42.515[main]stepDefinitions.signInPageSteps1)-User clicks on login button
[INFO ]2023-10-1619:52:42.515[main]stepDefinitions.signInPageSteps1)-Expected Message - Excel Sheet :  You are logged in
[INFO ]2023-10-1619:52:49.693[main]stepDefinitions.signInPageSteps1)-User is on Sign In Page
[INFO ]2023-10-1619:52:49.726[main]stepDefinitions.signInPageSteps1)-User Enter username as " Numpysdet84 "and Password as " sdet84batch" 
[INFO ]2023-10-1619:52:49.892[main]stepDefinitions.signInPageSteps1)-User clicks on login button
[INFO ]2023-10-1619:52:49.893[main]stepDefinitions.signInPageSteps1)-Expected Message - Excel Sheet :  You are logged in
[INFO ]2023-10-1619:52:55.997[main]stepDefinitions.dataStructureSteps1)-User Enter username as " Numpysdet84 "and Password as " sdet84batch" 
[INFO ]2023-10-1619:53:00.057[main]stepDefinitions.signInPageSteps1)-User is on Sign In Page
[INFO ]2023-10-1619:53:00.089[main]stepDefinitions.signInPageSteps1)-User Enter username as " Numpysdet84 "and Password as " sdet84batch" 
[INFO ]2023-10-1619:53:00.246[main]stepDefinitions.signInPageSteps1)-User clicks on login button
[INFO ]2023-10-1619:53:00.246[main]stepDefinitions.signInPageSteps1)-Expected Message - Excel Sheet :  You are logged in
[INFO ]2023-10-1619:53:06.435[main]stepDefinitions.dataStructureSteps1)-User Enter username as " Numpysdet84 "and Password as " sdet84batch" 
[INFO ]2023-10-1619:53:10.314[main]stepDefinitions.signInPageSteps1)-User is on Sign In Page
[INFO ]2023-10-1619:53:10.343[main]stepDefinitions.signInPageSteps1)-User Enter username as " Numpysdet84 "and Password as " sdet84batch" 
[INFO ]2023-10-1619:53:10.496[main]stepDefinitions.signInPageSteps1)-User clicks on login button
[INFO ]2023-10-1619:53:10.496[main]stepDefinitions.signInPageSteps1)-Expected Message - Excel Sheet :  You are logged in
[INFO ]2023-10-1619:53:16.744[main]stepDefinitions.dataStructureSteps1)-User Enter username as " Numpysdet84 "and Password as " sdet84batch" 
[INFO ]2023-10-1619:53:20.616[main]stepDefinitions.signInPageSteps1)-User is on Sign In Page
[INFO ]2023-10-1619:53:20.643[main]stepDefinitions.signInPageSteps1)-User Enter username as " Numpysdet84 "and Password as " sdet84batch" 
[INFO ]2023-10-1619:53:20.829[main]stepDefinitions.signInPageSteps1)-User clicks on login button
[INFO ]2023-10-1619:53:20.829[main]stepDefinitions.signInPageSteps1)-Expected Message - Excel Sheet :  You are logged in
[INFO ]2023-10-1619:53:27.139[main]stepDefinitions.dataStructureSteps1)-User Enter username as " Numpysdet84 "and Password as " sdet84batch" 
[INFO ]2023-10-1619:53:31.143[main]stepDefinitions.signInPageSteps1)-User is on Sign In Page
[INFO ]2023-10-1619:53:31.166[main]stepDefinitions.signInPageSteps1)-User Enter username as " Numpysdet84 "and Password as " sdet84batch" 
[INFO ]2023-10-1619:53:31.371[main]stepDefinitions.signInPageSteps1)-User clicks on login button
[INFO ]2023-10-1619:53:31.372[main]stepDefinitions.signInPageSteps1)-Expected Message - Excel Sheet :  You are logged in
[INFO ]2023-10-1619:53:37.663[main]stepDefinitions.dataStructureSteps1)-User Enter username as " Numpysdet84 "and Password as " sdet84batch" 
[INFO ]2023-10-1619:53:41.610[main]stepDefinitions.signInPageSteps1)-User is on Sign In Page
[INFO ]2023-10-1619:53:41.641[main]stepDefinitions.signInPageSteps1)-User Enter username as " Numpysdet84 "and Password as " sdet84batch" 
[INFO ]2023-10-1619:53:41.941[main]stepDefinitions.signInPageSteps1)-User clicks on login button
[INFO ]2023-10-1619:53:41.942[main]stepDefinitions.signInPageSteps1)-Expected Message - Excel Sheet :  You are logged in
[INFO ]2023-10-1619:53:47.730[main]stepDefinitions.dataStructureSteps1)-User Enter username as " Numpysdet84 "and Password as " sdet84batch" 
[INFO ]2023-10-1619:53:51.721[main]stepDefinitions.signInPageSteps1)-User is on Sign In Page
[INFO ]2023-10-1619:53:51.745[main]stepDefinitions.signInPageSteps1)-User Enter username as " Numpysdet84 "and Password as " sdet84batch" 
[INFO ]2023-10-1619:53:51.944[main]stepDefinitions.signInPageSteps1)-User clicks on login button
[INFO ]2023-10-1619:53:51.945[main]stepDefinitions.signInPageSteps1)-Expected Message - Excel Sheet :  You are logged in
[INFO ]2023-10-1619:53:58.139[main]stepDefinitions.dataStructureSteps1)-User Enter username as " Numpysdet84 "and Password as " sdet84batch" 
[INFO ]2023-10-1619:54:02.132[main]stepDefinitions.signInPageSteps1)-User is on Sign In Page
[INFO ]2023-10-1619:54:02.156[main]stepDefinitions.signInPageSteps1)-User Enter username as " Numpysdet84 "and Password as " sdet84batch" 
[INFO ]2023-10-1619:54:02.317[main]stepDefinitions.signInPageSteps1)-User clicks on login button
[INFO ]2023-10-1619:54:02.317[main]stepDefinitions.signInPageSteps1)-Expected Message - Excel Sheet :  You are logged in
[INFO ]2023-10-1619:54:07.833[main]stepDefinitions.dataStructureSteps1)-User Enter username as " Numpysdet84 "and Password as " sdet84batch" 
[INFO ]2023-10-1619:54:11.789[main]stepDefinitions.signInPageSteps1)-User is on Sign In Page
[INFO ]2023-10-1619:54:11.816[main]stepDefinitions.signInPageSteps1)-User Enter username as " Numpysdet84 "and Password as " sdet84batch" 
[INFO ]2023-10-1619:54:11.967[main]stepDefinitions.signInPageSteps1)-User clicks on login button
[INFO ]2023-10-1619:54:11.967[main]stepDefinitions.signInPageSteps1)-Expected Message - Excel Sheet :  You are logged in
[INFO ]2023-10-1619:54:16.934[main]stepDefinitions.dataStructureSteps1)-User Enter username as " Numpysdet84 "and Password as " sdet84batch" 
[INFO ]2023-10-1619:54:20.909[main]stepDefinitions.signInPageSteps1)-User is on Sign In Page
[INFO ]2023-10-1619:54:20.935[main]stepDefinitions.signInPageSteps1)-User Enter username as " Numpysdet84 "and Password as " sdet84batch" 
[INFO ]2023-10-1619:54:21.122[main]stepDefinitions.signInPageSteps1)-User clicks on login button
[INFO ]2023-10-1619:54:21.122[main]stepDefinitions.signInPageSteps1)-Expected Message - Excel Sheet :  You are logged in
[INFO ]2023-10-1619:54:29.588[main]stepDefinitions.dataStructureSteps1)-User Enter username as " Numpysdet84 "and Password as " sdet84batch" 
[INFO ]2023-10-1619:54:33.556[main]stepDefinitions.signInPageSteps1)-User is on Sign In Page
[INFO ]2023-10-1619:54:33.579[main]stepDefinitions.signInPageSteps1)-User Enter username as " Numpysdet84 "and Password as " sdet84batch" 
[INFO ]2023-10-1619:54:33.768[main]stepDefinitions.signInPageSteps1)-User clicks on login button
[INFO ]2023-10-1619:54:33.769[main]stepDefinitions.signInPageSteps1)-Expected Message - Excel Sheet :  You are logged in
[INFO ]2023-10-1619:54:44.646[main]stepDefinitions.dataStructureSteps1)-User Enter username as " Numpysdet84 "and Password as " sdet84batch" 
[INFO ]2023-10-1619:54:48.614[main]stepDefinitions.signInPageSteps1)-User is on Sign In Page
[INFO ]2023-10-1619:54:48.634[main]stepDefinitions.signInPageSteps1)-User Enter username as " Numpysdet84 "and Password as " sdet84batch" 
[INFO ]2023-10-1619:54:48.778[main]stepDefinitions.signInPageSteps1)-User clicks on login button
[INFO ]2023-10-1619:54:48.778[main]stepDefinitions.signInPageSteps1)-Expected Message - Excel Sheet :  You are logged in
[INFO ]2023-10-1619:54:55.457[main]stepDefinitions.signInPageSteps1)-User is on Sign In Page
[INFO ]2023-10-1619:54:55.480[main]stepDefinitions.signInPageSteps1)-User Enter username as " Numpysdet84 "and Password as " sdet84batch" 
[INFO ]2023-10-1619:54:55.689[main]stepDefinitions.signInPageSteps1)-User clicks on login button
[INFO ]2023-10-1619:54:55.689[main]stepDefinitions.signInPageSteps1)-Expected Message - Excel Sheet :  You are logged in
[INFO ]2023-10-1619:55:04.546[main]stepDefinitions.dataStructureSteps1)-User Enter username as " Numpysdet84 "and Password as " sdet84batch" 
[INFO ]2023-10-1619:55:08.442[main]stepDefinitions.signInPageSteps1)-User is on Sign In Page
[INFO ]2023-10-1619:55:08.465[main]stepDefinitions.signInPageSteps1)-User Enter username as " Numpysdet84 "and Password as " sdet84batch" 
[INFO ]2023-10-1619:55:08.659[main]stepDefinitions.signInPageSteps1)-User clicks on login button
[INFO ]2023-10-1619:55:08.659[main]stepDefinitions.signInPageSteps1)-Expected Message - Excel Sheet :  You are logged in
[INFO ]2023-10-1619:55:17.732[main]stepDefinitions.dataStructureSteps1)-User Enter username as " Numpysdet84 "and Password as " sdet84batch" 
[INFO ]2023-10-1619:55:21.757[main]stepDefinitions.signInPageSteps1)-User is on Sign In Page
[INFO ]2023-10-1619:55:21.784[main]stepDefinitions.signInPageSteps1)-User Enter username as " Numpysdet84 "and Password as " sdet84batch" 
[INFO ]2023-10-1619:55:21.957[main]stepDefinitions.signInPageSteps1)-User clicks on login button
[INFO ]2023-10-1619:55:21.958[main]stepDefinitions.signInPageSteps1)-Expected Message - Excel Sheet :  You are logged in
[INFO ]2023-10-1619:55:27.220[main]stepDefinitions.dataStructureSteps1)-User Enter username as " Numpysdet84 "and Password as " sdet84batch" 
[INFO ]2023-10-1619:55:31.135[main]stepDefinitions.signInPageSteps1)-User is on Sign In Page
[INFO ]2023-10-1619:55:31.158[main]stepDefinitions.signInPageSteps1)-User Enter username as " Numpysdet84 "and Password as " sdet84batch" 
[INFO ]2023-10-1619:55:31.321[main]stepDefinitions.signInPageSteps1)-User clicks on login button
[INFO ]2023-10-1619:55:31.321[main]stepDefinitions.signInPageSteps1)-Expected Message - Excel Sheet :  You are logged in
[INFO ]2023-10-1619:55:36.796[main]stepDefinitions.dataStructureSteps1)-User Enter username as " Numpysdet84 "and Password as " sdet84batch" 
[INFO ]2023-10-1619:55:40.680[main]stepDefinitions.signInPageSteps1)-User is on Register Page
[INFO ]2023-10-1619:55:40.711[main]stepDefinitions.signInPageSteps1)-User Enter username as "  "and Password as " " 
[INFO ]2023-10-1619:55:44.631[main]stepDefinitions.signInPageSteps1)-User is on Register Page
[INFO ]2023-10-1619:55:44.655[main]stepDefinitions.signInPageSteps1)-User Enter username as " arpitaghoshhh "and Password as " " 
[INFO ]2023-10-1619:55:48.811[main]stepDefinitions.signInPageSteps1)-User is on Register Page
[INFO ]2023-10-1619:55:48.828[main]stepDefinitions.signInPageSteps1)-User Enter username as " arpitaghoshhh "and Password as " Arpita@1234567" 
[INFO ]2023-10-1619:55:52.632[main]stepDefinitions.signInPageSteps1)-User is on Register Page
[INFO ]2023-10-1619:55:52.660[main]stepDefinitions.signInPageSteps1)-User Enter username as " arpitaghoshhh "and Password as " Arpi12" 
[INFO ]2023-10-1619:55:57.826[main]stepDefinitions.signInPageSteps1)-User is on Register Page
[INFO ]2023-10-1619:55:57.853[main]stepDefinitions.signInPageSteps1)-User Enter username as " arpitaghoshhh "and Password as " "123456789"" 
[INFO ]2023-10-1619:56:02.608[main]stepDefinitions.signInPageSteps1)-User is on Register Page
[INFO ]2023-10-1619:56:02.645[main]stepDefinitions.signInPageSteps1)-User Enter username as "  "and Password as " Arpita@1234567" 
[INFO ]2023-10-1619:56:06.656[main]stepDefinitions.signInPageSteps1)-User is on Register Page
[INFO ]2023-10-1619:56:06.695[main]stepDefinitions.signInPageSteps1)-User Enter username as " arpitaghoshhh "and Password as " Arpita@1234567" 
[INFO ]2023-10-1619:56:11.240[main]stepDefinitions.signInPageSteps1)-User is on Register Page
[INFO ]2023-10-1619:56:11.269[main]stepDefinitions.signInPageSteps1)-User Enter username as " null "and Password as " Arpita@12345678" 
[INFO ]2023-10-1619:56:16.036[main]stepDefinitions.signInPageSteps1)-User is on Sign In Page
[INFO ]2023-10-1619:56:16.072[main]stepDefinitions.signInPageSteps1)-User Enter username as " Numpysdet84 "and Password as " " 
[INFO ]2023-10-1619:56:16.214[main]stepDefinitions.signInPageSteps1)-User clicks on login button
[INFO ]2023-10-1619:56:16.215[main]stepDefinitions.signInPageSteps1)-Expected Message - Excel Sheet :  Please fill in this field.
[INFO ]2023-10-1619:56:16.338[main]stepDefinitions.signInPageSteps1)-Actual Message :  Please fill in this field.
[INFO ]2023-10-1619:56:20.094[main]stepDefinitions.signInPageSteps1)-User is on Sign In Page
[INFO ]2023-10-1619:56:20.119[main]stepDefinitions.signInPageSteps1)-User Enter username as " username "and Password as " sdet84batch" 
[INFO ]2023-10-1619:56:20.290[main]stepDefinitions.signInPageSteps1)-User clicks on login button
[INFO ]2023-10-1619:56:20.290[main]stepDefinitions.signInPageSteps1)-Expected Message - Excel Sheet :  Please fill in this field.
[INFO ]2023-10-1619:56:20.832[main]stepDefinitions.signInPageSteps1)-Actual Message :  Please fill in this field.
[INFO ]2023-10-1619:56:24.524[main]stepDefinitions.signInPageSteps1)-User is on Sign In Page
[INFO ]2023-10-1619:56:24.551[main]stepDefinitions.signInPageSteps1)-User Enter username as " Numpysdet86 "and Password as " username" 
[INFO ]2023-10-1619:56:24.713[main]stepDefinitions.signInPageSteps1)-User clicks on login button
[INFO ]2023-10-1619:56:24.713[main]stepDefinitions.signInPageSteps1)-Expected Message - Excel Sheet :  Please fill in this field.
[INFO ]2023-10-1619:56:25.229[main]stepDefinitions.signInPageSteps1)-Actual Message :  Please fill in this field.
[INFO ]2023-10-1619:56:28.891[main]stepDefinitions.signInPageSteps1)-User is on Sign In Page
[INFO ]2023-10-1619:56:28.911[main]stepDefinitions.signInPageSteps1)-User Enter username as " Numpysdet84 "and Password as " sdet84batch" 
[INFO ]2023-10-1619:56:29.088[main]stepDefinitions.signInPageSteps1)-User clicks on login button
[INFO ]2023-10-1619:56:29.089[main]stepDefinitions.signInPageSteps1)-Expected Message - Excel Sheet :  You are logged in
[INFO ]2023-10-1619:56:30.041[main]stepDefinitions.signInPageSteps1)-Actual Message :  You are logged in
[INFO ]2023-10-1619:56:33.671[main]stepDefinitions.signInPageSteps1)-User is on Sign In Page
[INFO ]2023-10-1619:56:33.697[main]stepDefinitions.signInPageSteps1)-User Enter username as " Numpysdet84 "and Password as " sdet84batch" 
[INFO ]2023-10-1619:56:33.900[main]stepDefinitions.signInPageSteps1)-User clicks on login button
[INFO ]2023-10-1619:56:33.900[main]stepDefinitions.signInPageSteps1)-Expected Message - Excel Sheet :  You are logged in
[INFO ]2023-10-1619:56:42.827[main]stepDefinitions.dataStructureSteps1)-User Enter username as " Numpysdet84 "and Password as " sdet84batch" 
[INFO ]2023-10-1619:56:46.821[main]stepDefinitions.signInPageSteps1)-User is on Sign In Page
[INFO ]2023-10-1619:56:46.840[main]stepDefinitions.signInPageSteps1)-User Enter username as " Numpysdet84 "and Password as " sdet84batch" 
[INFO ]2023-10-1619:56:47.047[main]stepDefinitions.signInPageSteps1)-User clicks on login button
[INFO ]2023-10-1619:56:47.047[main]stepDefinitions.signInPageSteps1)-Expected Message - Excel Sheet :  You are logged in
[INFO ]2023-10-1619:56:52.330[main]stepDefinitions.dataStructureSteps1)-User Enter username as " Numpysdet84 "and Password as " sdet84batch" 
[INFO ]2023-10-1619:56:56.397[main]stepDefinitions.signInPageSteps1)-User is on Sign In Page
[INFO ]2023-10-1619:56:56.416[main]stepDefinitions.signInPageSteps1)-User Enter username as " Numpysdet84 "and Password as " sdet84batch" 
[INFO ]2023-10-1619:56:56.633[main]stepDefinitions.signInPageSteps1)-User clicks on login button
[INFO ]2023-10-1619:56:56.634[main]stepDefinitions.signInPageSteps1)-Expected Message - Excel Sheet :  You are logged in
[INFO ]2023-10-1619:57:08.361[main]stepDefinitions.dataStructureSteps1)-User Enter username as " Numpysdet84 "and Password as " sdet84batch" 
[INFO ]2023-10-1619:57:12.182[main]stepDefinitions.signInPageSteps1)-User is on Sign In Page
[INFO ]2023-10-1619:57:12.200[main]stepDefinitions.signInPageSteps1)-User Enter username as " Numpysdet84 "and Password as " sdet84batch" 
[INFO ]2023-10-1619:57:12.395[main]stepDefinitions.signInPageSteps1)-User clicks on login button
[INFO ]2023-10-1619:57:12.395[main]stepDefinitions.signInPageSteps1)-Expected Message - Excel Sheet :  You are logged in
[INFO ]2023-10-1619:57:19.084[main]stepDefinitions.signInPageSteps1)-User is on Sign In Page
[INFO ]2023-10-1619:57:19.110[main]stepDefinitions.signInPageSteps1)-User Enter username as " Numpysdet84 "and Password as " sdet84batch" 
[INFO ]2023-10-1619:57:19.374[main]stepDefinitions.signInPageSteps1)-User clicks on login button
[INFO ]2023-10-1619:57:19.374[main]stepDefinitions.signInPageSteps1)-Expected Message - Excel Sheet :  You are logged in
[INFO ]2023-10-1619:57:27.029[main]stepDefinitions.dataStructureSteps1)-User Enter username as " Numpysdet84 "and Password as " sdet84batch" 
[INFO ]2023-10-1619:57:31.049[main]stepDefinitions.signInPageSteps1)-User is on Sign In Page
[INFO ]2023-10-1619:57:31.081[main]stepDefinitions.signInPageSteps1)-User Enter username as " Numpysdet84 "and Password as " sdet84batch" 
[INFO ]2023-10-1619:57:31.241[main]stepDefinitions.signInPageSteps1)-User clicks on login button
[INFO ]2023-10-1619:57:31.241[main]stepDefinitions.signInPageSteps1)-Expected Message - Excel Sheet :  You are logged in
[INFO ]2023-10-1619:57:36.500[main]stepDefinitions.dataStructureSteps1)-User Enter username as " Numpysdet84 "and Password as " sdet84batch" 
[INFO ]2023-10-1619:57:40.383[main]stepDefinitions.signInPageSteps1)-User is on Sign In Page
[INFO ]2023-10-1619:57:40.410[main]stepDefinitions.signInPageSteps1)-User Enter username as " Numpysdet84 "and Password as " sdet84batch" 
[INFO ]2023-10-1619:57:40.595[main]stepDefinitions.signInPageSteps1)-User clicks on login button
[INFO ]2023-10-1619:57:40.595[main]stepDefinitions.signInPageSteps1)-Expected Message - Excel Sheet :  You are logged in
[INFO ]2023-10-1619:57:48.229[main]stepDefinitions.dataStructureSteps1)-User Enter username as " Numpysdet84 "and Password as " sdet84batch" 
